# JRE version: Java(TM) SE Runtime Environment (13.0.2+8) (build 13.0.2+8)
# Java VM: Java HotSpot(TM) 64-Bit Server VM (13.0.2+8, mixed mode, sharing, tiered, compressed oops, g1 gc, windows-amd64)
Heap:
 garbage-first heap   total 262144K, used 78618K [0x00000000e0000000, 0x0000000100000000)
  region size 1024K, 59 young (60416K), 18 survivors (18432K)
 Metaspace       used 55566K, capacity 57601K, committed 57856K, reserved 305152K
  class space    used 7684K, capacity 8423K, committed 8448K, reserved 253952K
GC Heap History (14 events):
Event: 1.071 GC heap before
{Heap before GC invocations=0 (full 0):
 garbage-first heap   total 262144K, used 19456K [0x00000000e0000000, 0x0000000100000000)
  region size 1024K, 14 young (14336K), 0 survivors (0K)
 Metaspace       used 1165K, capacity 4891K, committed 5120K, reserved 262144K
  class space    used 96K, capacity 480K, committed 512K, reserved 253952K
}
Event: 1.080 GC heap after
{Heap after GC invocations=1 (full 0):
 garbage-first heap   total 262144K, used 7695K [0x00000000e0000000, 0x0000000100000000)
  region size 1024K, 2 young (2048K), 2 survivors (2048K)
 Metaspace       used 1165K, capacity 4891K, committed 5120K, reserved 262144K
  class space    used 96K, capacity 480K, committed 512K, reserved 253952K
}
Event: 6.974 GC heap before
{Heap before GC invocations=1 (full 0):
 garbage-first heap   total 262144K, used 162319K [0x00000000e0000000, 0x0000000100000000)
  region size 1024K, 153 young (156672K), 2 survivors (2048K)
 Metaspace       used 16903K, capacity 17366K, committed 17536K, reserved 270336K
  class space    used 2461K, capacity 2650K, committed 2688K, reserved 253952K
}
Event: 6.992 GC heap after
{Heap after GC invocations=2 (full 0):
 garbage-first heap   total 262144K, used 18325K [0x00000000e0000000, 0x0000000100000000)
  region size 1024K, 13 young (13312K), 13 survivors (13312K)
 Metaspace       used 16903K, capacity 17366K, committed 17536K, reserved 270336K
  class space    used 2461K, capacity 2650K, committed 2688K, reserved 253952K
}
Event: 8.174 GC heap before
{Heap before GC invocations=2 (full 0):
 garbage-first heap   total 262144K, used 59285K [0x00000000e0000000, 0x0000000100000000)
  region size 1024K, 53 young (54272K), 13 survivors (13312K)
 Metaspace       used 20530K, capacity 21142K, committed 21248K, reserved 272384K
  class space    used 3047K, capacity 3296K, committed 3328K, reserved 253952K
}
Event: 8.192 GC heap after
{Heap after GC invocations=3 (full 0):
 garbage-first heap   total 262144K, used 20148K [0x00000000e0000000, 0x0000000100000000)
  region size 1024K, 2 young (2048K), 2 survivors (2048K)
 Metaspace       used 20530K, capacity 21142K, committed 21248K, reserved 272384K
  class space    used 3047K, capacity 3296K, committed 3328K, reserved 253952K
}
Event: 8.223 GC heap before
{Heap before GC invocations=3 (full 0):
 garbage-first heap   total 262144K, used 21172K [0x00000000e0000000, 0x0000000100000000)
  region size 1024K, 4 young (4096K), 2 survivors (2048K)
 Metaspace       used 20626K, capacity 21206K, committed 21248K, reserved 272384K
  class space    used 3057K, capacity 3296K, committed 3328K, reserved 253952K
}
Event: 8.228 GC heap after
{Heap after GC invocations=4 (full 0):
 garbage-first heap   total 262144K, used 20079K [0x00000000e0000000, 0x0000000100000000)
  region size 1024K, 2 young (2048K), 2 survivors (2048K)
 Metaspace       used 20626K, capacity 21206K, committed 21248K, reserved 272384K
  class space    used 3057K, capacity 3296K, committed 3328K, reserved 253952K
}
Event: 10.750 GC heap before
{Heap before GC invocations=5 (full 0):
 garbage-first heap   total 262144K, used 110191K [0x00000000e0000000, 0x0000000100000000)
  region size 1024K, 88 young (90112K), 2 survivors (2048K)
 Metaspace       used 31675K, capacity 32558K, committed 32640K, reserved 282624K
  class space    used 4328K, capacity 4665K, committed 4736K, reserved 253952K
}
Event: 10.771 GC heap after
{Heap after GC invocations=6 (full 0):
 garbage-first heap   total 262144K, used 27544K [0x00000000e0000000, 0x0000000100000000)
  region size 1024K, 9 young (9216K), 9 survivors (9216K)
 Metaspace       used 31675K, capacity 32558K, committed 32640K, reserved 282624K
  class space    used 4328K, capacity 4665K, committed 4736K, reserved 253952K
}
Event: 11.922 GC heap before
{Heap before GC invocations=6 (full 0):
 garbage-first heap   total 262144K, used 73624K [0x00000000e0000000, 0x0000000100000000)
  region size 1024K, 55 young (56320K), 9 survivors (9216K)
 Metaspace       used 34666K, capacity 35705K, committed 35840K, reserved 284672K
  class space    used 4783K, capacity 5132K, committed 5248K, reserved 253952K
}
Event: 11.952 GC heap after
{Heap after GC invocations=7 (full 0):
 garbage-first heap   total 262144K, used 29702K [0x00000000e0000000, 0x0000000100000000)
  region size 1024K, 10 young (10240K), 10 survivors (10240K)
 Metaspace       used 34666K, capacity 35705K, committed 35840K, reserved 284672K
  class space    used 4783K, capacity 5132K, committed 5248K, reserved 253952K
}
Event: 15.908 GC heap before
{Heap before GC invocations=8 (full 0):
 garbage-first heap   total 262144K, used 177158K [0x00000000e0000000, 0x0000000100000000)
  region size 1024K, 153 young (156672K), 10 survivors (10240K)
 Metaspace       used 45752K, capacity 47424K, committed 47488K, reserved 294912K
  class space    used 6412K, capacity 7023K, committed 7040K, reserved 253952K
}
Event: 15.939 GC heap after
{Heap after GC invocations=9 (full 0):
 garbage-first heap   total 262144K, used 37658K [0x00000000e0000000, 0x0000000100000000)
  region size 1024K, 18 young (18432K), 18 survivors (18432K)
 Metaspace       used 45752K, capacity 47424K, committed 47488K, reserved 294912K
  class space    used 6412K, capacity 7023K, committed 7040K, reserved 253952K
}

